<?xml version="1.0" encoding="UTF-8"?>
<!-- Generated by org.testng.reporters.JUnitReportReporter -->
<testsuite skipped="0" hostname="LAPTOP-B1VDJO44" name="com.qa.Twitter.tests.LoginTwitterTest" tests="1" failures="0" timestamp="28 Oct 2019 17:24:09 GMT" time="2.758" errors="0">
  <testcase name="loginApp" time="2.758" classname="com.qa.Twitter.tests.LoginTwitterTest"/>
</testsuite> <!-- com.qa.Twitter.tests.LoginTwitterTest -->
